[2020-11-25 10:59:09,422] [Server] Connection successfully ESTABLISHED with 127.0.0.1:2181 __init__:36
[2020-11-25 10:59:09,425] Nodes cluster changed, current cluster configuration: handle_dbnodes_change:70
[2020-11-25 10:59:09,444] Added a gateway node to zookeeper add_myself_to_zookeeper:55
[2020-11-25 10:59:14,446] Watching changes in /nodes <module>:86
[2020-11-25 10:59:19,450] Watching changes in /nodes <module>:86
[2020-11-25 10:59:24,455] Watching changes in /nodes <module>:86
[2020-11-25 10:59:29,460] Watching changes in /nodes <module>:86
[2020-11-25 10:59:34,463] Watching changes in /nodes <module>:86
[2020-11-25 10:59:36,528] Nodes cluster changed, current cluster configuration: handle_dbnodes_change:70
[2020-11-25 10:59:36,530] Node: node0000000014 handle_dbnodes_change:73
[2020-11-25 10:59:36,530] Data: {'ip': '172.17.66.17'} handle_dbnodes_change:74
[2020-11-25 10:59:36,530] Data version: 0 handle_dbnodes_change:75
[2020-11-25 10:59:36,531] Data length: 22 handle_dbnodes_change:76
[2020-11-25 10:59:39,469] Watching changes in /nodes <module>:86
[2020-11-25 10:59:44,474] Watching changes in /nodes <module>:86
[2020-11-25 10:59:49,478] Watching changes in /nodes <module>:86
[2020-11-25 10:59:54,482] Watching changes in /nodes <module>:86
[2020-11-25 10:59:59,488] Watching changes in /nodes <module>:86
[2020-11-25 11:00:03,756] Nodes cluster changed, current cluster configuration: handle_dbnodes_change:70
[2020-11-25 11:00:04,490] Watching changes in /nodes <module>:86
